{"/Users/anand/Pedagogy/fs-js-sessions-ispg/s2/emailValidator.js": {"path":"/Users/anand/Pedagogy/fs-js-sessions-ispg/s2/emailValidator.js","statementMap":{"0":{"start":{"line":2,"column":16},"end":{"line":2,"column":74}},"1":{"start":{"line":3,"column":2},"end":{"line":3,"column":27}},"2":{"start":{"line":6,"column":0},"end":{"line":6,"column":32}}},"fnMap":{"0":{"name":"emailValidator","decl":{"start":{"line":1,"column":9},"end":{"line":1,"column":23}},"loc":{"start":{"line":1,"column":31},"end":{"line":4,"column":1}},"line":1}},"branchMap":{},"s":{"0":5,"1":5,"2":1},"f":{"0":5},"b":{},"_coverageSchema":"1a1c01bbd47fc00a2c39e90264f33305004495a9","hash":"37f8f4f690c82cd7e023ecaffb08dd8e1348d673"}
,"/Users/anand/Pedagogy/fs-js-sessions-ispg/s2/findNestedObjectValue.js": {"path":"/Users/anand/Pedagogy/fs-js-sessions-ispg/s2/findNestedObjectValue.js","statementMap":{"0":{"start":{"line":2,"column":2},"end":{"line":2,"column":19}},"1":{"start":{"line":2,"column":12},"end":{"line":2,"column":19}},"2":{"start":{"line":3,"column":14},"end":{"line":3,"column":30}},"3":{"start":{"line":4,"column":19},"end":{"line":4,"column":27}},"4":{"start":{"line":5,"column":2},"end":{"line":5,"column":40}},"5":{"start":{"line":5,"column":24},"end":{"line":5,"column":40}},"6":{"start":{"line":6,"column":2},"end":{"line":6,"column":51}},"7":{"start":{"line":9,"column":0},"end":{"line":9,"column":39}}},"fnMap":{"0":{"name":"findNestedObjectValue","decl":{"start":{"line":1,"column":9},"end":{"line":1,"column":30}},"loc":{"start":{"line":1,"column":46},"end":{"line":7,"column":1}},"line":1}},"branchMap":{"0":{"loc":{"start":{"line":2,"column":2},"end":{"line":2,"column":19}},"type":"if","locations":[{"start":{"line":2,"column":2},"end":{"line":2,"column":19}},{"start":{"line":2,"column":2},"end":{"line":2,"column":19}}],"line":2},"1":{"loc":{"start":{"line":5,"column":2},"end":{"line":5,"column":40}},"type":"if","locations":[{"start":{"line":5,"column":2},"end":{"line":5,"column":40}},{"start":{"line":5,"column":2},"end":{"line":5,"column":40}}],"line":5}},"s":{"0":8,"1":1,"2":7,"3":7,"4":7,"5":4,"6":3,"7":1},"f":{"0":8},"b":{"0":[1,7],"1":[4,3]},"_coverageSchema":"1a1c01bbd47fc00a2c39e90264f33305004495a9","hash":"05e66fae27ceccce8aee605fae5f8fc5f7f7a99d"}
,"/Users/anand/Pedagogy/fs-js-sessions-ispg/s2/validator.js": {"path":"/Users/anand/Pedagogy/fs-js-sessions-ispg/s2/validator.js","statementMap":{"0":{"start":{"line":2,"column":16},"end":{"line":2,"column":74}},"1":{"start":{"line":3,"column":2},"end":{"line":3,"column":27}},"2":{"start":{"line":7,"column":16},"end":{"line":7,"column":32}},"3":{"start":{"line":8,"column":2},"end":{"line":8,"column":27}},"4":{"start":{"line":11,"column":0},"end":{"line":14,"column":1}}},"fnMap":{"0":{"name":"email","decl":{"start":{"line":1,"column":9},"end":{"line":1,"column":14}},"loc":{"start":{"line":1,"column":22},"end":{"line":4,"column":1}},"line":1},"1":{"name":"username","decl":{"start":{"line":6,"column":9},"end":{"line":6,"column":17}},"loc":{"start":{"line":6,"column":25},"end":{"line":9,"column":1}},"line":6}},"branchMap":{},"s":{"0":3,"1":3,"2":4,"3":4,"4":1},"f":{"0":3,"1":4},"b":{},"_coverageSchema":"1a1c01bbd47fc00a2c39e90264f33305004495a9","hash":"f546a43bec2382d5e6ceafe5fc4cf00c01ea982c"}
}
