TN:
SF:emailValidator.js
FN:1,emailValidator
FNF:1
FNH:1
FNDA:5,emailValidator
DA:2,5
DA:3,5
DA:6,1
LF:3
LH:3
BRF:0
BRH:0
end_of_record
TN:
SF:findNestedObjectValue.js
FN:1,findNestedObjectValue
FNF:1
FNH:1
FNDA:8,findNestedObjectValue
DA:2,8
DA:3,7
DA:4,7
DA:5,7
DA:6,3
DA:9,1
LF:6
LH:6
BRDA:2,0,0,1
BRDA:2,0,1,7
BRDA:5,1,0,4
BRDA:5,1,1,3
BRF:4
BRH:4
end_of_record
TN:
SF:validator.js
FN:1,email
FN:6,username
FNF:2
FNH:2
FNDA:3,email
FNDA:4,username
DA:2,3
DA:3,3
DA:7,4
DA:8,4
DA:11,1
LF:5
LH:5
BRF:0
BRH:0
end_of_record
